2019-10-10 19:36:29.972  INFO 6916 --- [restartedMain] cn.yzj.shop.ShopApplication              : Starting ShopApplication on yzj455497493 with PID 6916 (started by yzj in E:\Spring Tools Work\shop)
2019-10-10 19:36:29.978  INFO 6916 --- [restartedMain] cn.yzj.shop.ShopApplication              : No active profile set, falling back to default profiles: default
2019-10-10 19:36:30.037  INFO 6916 --- [restartedMain] .e.DevToolsPropertyDefaultsPostProcessor : Devtools property defaults active! Set 'spring.devtools.add-properties' to 'false' to disable
2019-10-10 19:36:30.038  INFO 6916 --- [restartedMain] .e.DevToolsPropertyDefaultsPostProcessor : For additional web related logging consider setting the 'logging.level.web' property to 'DEBUG'
2019-10-10 19:36:32.354  INFO 6916 --- [restartedMain] .s.d.r.c.RepositoryConfigurationDelegate : Multiple Spring Data modules found, entering strict repository configuration mode!
2019-10-10 19:36:32.357  INFO 6916 --- [restartedMain] .s.d.r.c.RepositoryConfigurationDelegate : Bootstrapping Spring Data repositories in DEFAULT mode.
2019-10-10 19:36:32.476  INFO 6916 --- [restartedMain] .s.d.r.c.RepositoryConfigurationDelegate : Finished Spring Data repository scanning in 102ms. Found 0 repository interfaces.
2019-10-10 19:36:32.804  INFO 6916 --- [restartedMain] ptablePropertiesBeanFactoryPostProcessor : Post-processing PropertySource instances
2019-10-10 19:36:32.852  INFO 6916 --- [restartedMain] c.u.j.EncryptablePropertySourceConverter : Converting PropertySource configurationProperties [org.springframework.boot.context.properties.source.ConfigurationPropertySourcesPropertySource] to AOP Proxy
2019-10-10 19:36:32.853  INFO 6916 --- [restartedMain] c.u.j.EncryptablePropertySourceConverter : Converting PropertySource commandLineArgs [org.springframework.core.env.SimpleCommandLinePropertySource] to EncryptableEnumerablePropertySourceWrapper
2019-10-10 19:36:32.854  INFO 6916 --- [restartedMain] c.u.j.EncryptablePropertySourceConverter : Converting PropertySource servletConfigInitParams [org.springframework.core.env.PropertySource$StubPropertySource] to EncryptablePropertySourceWrapper
2019-10-10 19:36:32.854  INFO 6916 --- [restartedMain] c.u.j.EncryptablePropertySourceConverter : Converting PropertySource servletContextInitParams [org.springframework.core.env.PropertySource$StubPropertySource] to EncryptablePropertySourceWrapper
2019-10-10 19:36:32.855  INFO 6916 --- [restartedMain] c.u.j.EncryptablePropertySourceConverter : Converting PropertySource systemProperties [org.springframework.core.env.MapPropertySource] to EncryptableMapPropertySourceWrapper
2019-10-10 19:36:32.855  INFO 6916 --- [restartedMain] c.u.j.EncryptablePropertySourceConverter : Converting PropertySource systemEnvironment [org.springframework.boot.env.SystemEnvironmentPropertySourceEnvironmentPostProcessor$OriginAwareSystemEnvironmentPropertySource] to EncryptableMapPropertySourceWrapper
2019-10-10 19:36:32.855  INFO 6916 --- [restartedMain] c.u.j.EncryptablePropertySourceConverter : Converting PropertySource random [org.springframework.boot.env.RandomValuePropertySource] to EncryptablePropertySourceWrapper
2019-10-10 19:36:32.855  INFO 6916 --- [restartedMain] c.u.j.EncryptablePropertySourceConverter : Converting PropertySource applicationConfig: [classpath:/application.properties] [org.springframework.boot.env.OriginTrackedMapPropertySource] to EncryptableMapPropertySourceWrapper
2019-10-10 19:36:32.856  INFO 6916 --- [restartedMain] c.u.j.EncryptablePropertySourceConverter : Converting PropertySource devtools [org.springframework.core.env.MapPropertySource] to EncryptableMapPropertySourceWrapper
2019-10-10 19:36:32.965  INFO 6916 --- [restartedMain] trationDelegate$BeanPostProcessorChecker : Bean 'org.springframework.transaction.annotation.ProxyTransactionManagementConfiguration' of type [org.springframework.transaction.annotation.ProxyTransactionManagementConfiguration$$EnhancerBySpringCGLIB$$7cb545f1] is not eligible for getting processed by all BeanPostProcessors (for example: not eligible for auto-proxying)
2019-10-10 19:36:33.089  INFO 6916 --- [restartedMain] c.u.j.r.DefaultLazyPropertyResolver      : Property Resolver custom Bean not found with name 'encryptablePropertyResolver'. Initializing Default Property Resolver
2019-10-10 19:36:33.091  INFO 6916 --- [restartedMain] c.u.j.d.DefaultLazyPropertyDetector      : Property Detector custom Bean not found with name 'encryptablePropertyDetector'. Initializing Default Property Detector
2019-10-10 19:36:33.467  INFO 6916 --- [restartedMain] o.s.b.w.embedded.tomcat.TomcatWebServer  : Tomcat initialized with port(s): 8080 (http)
2019-10-10 19:36:33.491  INFO 6916 --- [restartedMain] o.apache.catalina.core.StandardService   : Starting service [Tomcat]
2019-10-10 19:36:33.491  INFO 6916 --- [restartedMain] org.apache.catalina.core.StandardEngine  : Starting Servlet engine: [Apache Tomcat/9.0.17]
2019-10-10 19:36:33.601  INFO 6916 --- [restartedMain] o.a.c.c.C.[Tomcat].[localhost].[/]       : Initializing Spring embedded WebApplicationContext
2019-10-10 19:36:33.601  INFO 6916 --- [restartedMain] o.s.web.context.ContextLoader            : Root WebApplicationContext: initialization completed in 3562 ms
2019-10-10 19:36:33.670  INFO 6916 --- [restartedMain] c.u.j.encryptor.DefaultLazyEncryptor     : String Encryptor custom Bean not found with name 'jasyptStringEncryptor'. Initializing Default String Encryptor
2019-10-10 19:36:33.678  INFO 6916 --- [restartedMain] c.u.j.encryptor.DefaultLazyEncryptor     : Encryptor config not found for property jasypt.encryptor.algorithm, using default value: PBEWithMD5AndDES
2019-10-10 19:36:33.678  INFO 6916 --- [restartedMain] c.u.j.encryptor.DefaultLazyEncryptor     : Encryptor config not found for property jasypt.encryptor.keyObtentionIterations, using default value: 1000
2019-10-10 19:36:33.678  INFO 6916 --- [restartedMain] c.u.j.encryptor.DefaultLazyEncryptor     : Encryptor config not found for property jasypt.encryptor.poolSize, using default value: 1
2019-10-10 19:36:33.678  INFO 6916 --- [restartedMain] c.u.j.encryptor.DefaultLazyEncryptor     : Encryptor config not found for property jasypt.encryptor.providerName, using default value: null
2019-10-10 19:36:33.679  INFO 6916 --- [restartedMain] c.u.j.encryptor.DefaultLazyEncryptor     : Encryptor config not found for property jasypt.encryptor.providerClassName, using default value: null
2019-10-10 19:36:33.679  INFO 6916 --- [restartedMain] c.u.j.encryptor.DefaultLazyEncryptor     : Encryptor config not found for property jasypt.encryptor.saltGeneratorClassname, using default value: org.jasypt.salt.RandomSaltGenerator
2019-10-10 19:36:33.680  INFO 6916 --- [restartedMain] c.u.j.encryptor.DefaultLazyEncryptor     : Encryptor config not found for property jasypt.encryptor.stringOutputType, using default value: base64
2019-10-10 19:36:36.793  INFO 6916 --- [restartedMain] o.s.s.concurrent.ThreadPoolTaskExecutor  : Initializing ExecutorService
2019-10-10 19:36:36.796  INFO 6916 --- [restartedMain] o.s.s.concurrent.ThreadPoolTaskExecutor  : Initializing ExecutorService 'MyThreadPool'
2019-10-10 19:36:38.083  INFO 6916 --- [restartedMain] o.s.b.d.a.OptionalLiveReloadServer       : LiveReload server is running on port 35729
2019-10-10 19:36:38.202  INFO 6916 --- [restartedMain] o.s.b.w.embedded.tomcat.TomcatWebServer  : Tomcat started on port(s): 8080 (http) with context path ''
2019-10-10 19:36:38.207  INFO 6916 --- [restartedMain] cn.yzj.shop.ShopApplication              : Started ShopApplication in 8.557 seconds (JVM running for 9.48)
2019-10-10 19:36:51.845  INFO 6916 --- [http-nio-8080-exec-1] o.apache.tomcat.util.http.parser.Cookie  : A cookie header was received [1569558929; token=wJXdv2Qa8zKiAlMx0XW6SY7fghdTncSK; user=7] that contained an invalid cookie. That cookie will be ignored.
 Note: further occurrences of this error will be logged at DEBUG level.
2019-10-10 19:36:51.854  INFO 6916 --- [http-nio-8080-exec-1] o.a.c.c.C.[Tomcat].[localhost].[/]       : Initializing Spring DispatcherServlet 'dispatcherServlet'
2019-10-10 19:36:51.854  INFO 6916 --- [http-nio-8080-exec-1] o.s.web.servlet.DispatcherServlet        : Initializing Servlet 'dispatcherServlet'
2019-10-10 19:36:51.865  INFO 6916 --- [http-nio-8080-exec-1] o.s.web.servlet.DispatcherServlet        : Completed initialization in 11 ms
2019-10-10 19:36:52.062  INFO 6916 --- [http-nio-8080-exec-1] io.lettuce.core.EpollProvider            : Starting without optional epoll library
2019-10-10 19:36:52.064  INFO 6916 --- [http-nio-8080-exec-1] io.lettuce.core.KqueueProvider           : Starting without optional kqueue library
2019-10-10 19:36:52.734  INFO 6916 --- [http-nio-8080-exec-2] com.zaxxer.hikari.HikariDataSource       : HikariPool-1 - Starting...
2019-10-10 19:36:53.482  INFO 6916 --- [http-nio-8080-exec-2] com.zaxxer.hikari.HikariDataSource       : HikariPool-1 - Start completed.
2019-10-10 19:36:56.059  INFO 6916 --- [http-nio-8080-exec-10] cn.yzj.shop.util.RequestUtil             : osName is:Windows 10
2019-10-10 19:36:56.059  INFO 6916 --- [http-nio-8080-exec-10] cn.yzj.shop.util.RequestUtil             : deviceManufacturer is:MICROSOFT
2019-10-10 19:36:56.060  INFO 6916 --- [http-nio-8080-exec-10] cn.yzj.shop.util.RequestUtil             : deviceType is:COMPUTER
2019-10-10 19:36:56.060  INFO 6916 --- [http-nio-8080-exec-10] cn.yzj.shop.util.RequestUtil             : browerGroup is:Chrome
2019-10-10 19:36:56.060  INFO 6916 --- [http-nio-8080-exec-10] cn.yzj.shop.util.RequestUtil             : renderingEngine is:WEBKIT
2019-10-10 19:36:56.060  INFO 6916 --- [http-nio-8080-exec-10] cn.yzj.shop.util.RequestUtil             : borderType is:Browser
2019-10-10 19:36:56.061  INFO 6916 --- [http-nio-8080-exec-10] cn.yzj.shop.util.RequestUtil             : browserManufacturer is:Google Inc.
2019-10-10 19:37:25.730  INFO 6916 --- [http-nio-8080-exec-9] cn.yzj.shop.util.RequestUtil             : osName is:Windows 10
2019-10-10 19:37:25.731  INFO 6916 --- [http-nio-8080-exec-9] cn.yzj.shop.util.RequestUtil             : deviceManufacturer is:MICROSOFT
2019-10-10 19:37:25.731  INFO 6916 --- [http-nio-8080-exec-9] cn.yzj.shop.util.RequestUtil             : deviceType is:COMPUTER
2019-10-10 19:37:25.731  INFO 6916 --- [http-nio-8080-exec-9] cn.yzj.shop.util.RequestUtil             : browerGroup is:Chrome
2019-10-10 19:37:25.731  INFO 6916 --- [http-nio-8080-exec-9] cn.yzj.shop.util.RequestUtil             : renderingEngine is:WEBKIT
2019-10-10 19:37:25.731  INFO 6916 --- [http-nio-8080-exec-9] cn.yzj.shop.util.RequestUtil             : borderType is:Browser
2019-10-10 19:37:25.731  INFO 6916 --- [http-nio-8080-exec-9] cn.yzj.shop.util.RequestUtil             : browserManufacturer is:Google Inc.
2019-10-10 19:37:38.363  INFO 6916 --- [http-nio-8080-exec-9] cn.yzj.shop.util.RequestUtil             : osName is:Windows 10
2019-10-10 19:37:38.365  INFO 6916 --- [http-nio-8080-exec-9] cn.yzj.shop.util.RequestUtil             : deviceManufacturer is:MICROSOFT
2019-10-10 19:37:38.368  INFO 6916 --- [http-nio-8080-exec-9] cn.yzj.shop.util.RequestUtil             : deviceType is:COMPUTER
2019-10-10 19:37:38.369  INFO 6916 --- [http-nio-8080-exec-9] cn.yzj.shop.util.RequestUtil             : browerGroup is:Chrome
2019-10-10 19:37:38.369  INFO 6916 --- [http-nio-8080-exec-9] cn.yzj.shop.util.RequestUtil             : renderingEngine is:WEBKIT
2019-10-10 19:37:38.369  INFO 6916 --- [http-nio-8080-exec-9] cn.yzj.shop.util.RequestUtil             : borderType is:Browser
2019-10-10 19:37:38.370  INFO 6916 --- [http-nio-8080-exec-9] cn.yzj.shop.util.RequestUtil             : browserManufacturer is:Google Inc.
2019-10-10 19:49:33.516  WARN 6916 --- [http-nio-8080-exec-8] com.zaxxer.hikari.pool.PoolBase          : HikariPool-1 - Failed to validate connection com.mysql.cj.jdbc.ConnectionImpl@33e4b6b8 (No operations allowed after connection closed.). Possibly consider using a shorter maxLifetime value.
2019-10-10 19:49:38.517  WARN 6916 --- [http-nio-8080-exec-8] com.zaxxer.hikari.pool.PoolBase          : HikariPool-1 - Failed to validate connection com.mysql.cj.jdbc.ConnectionImpl@7d85b588 (No operations allowed after connection closed.). Possibly consider using a shorter maxLifetime value.
2019-10-10 19:49:43.519  WARN 6916 --- [http-nio-8080-exec-8] com.zaxxer.hikari.pool.PoolBase          : HikariPool-1 - Failed to validate connection com.mysql.cj.jdbc.ConnectionImpl@6b428df6 (No operations allowed after connection closed.). Possibly consider using a shorter maxLifetime value.
2019-10-10 19:49:48.521  WARN 6916 --- [http-nio-8080-exec-8] com.zaxxer.hikari.pool.PoolBase          : HikariPool-1 - Failed to validate connection com.mysql.cj.jdbc.ConnectionImpl@3af9020e (No operations allowed after connection closed.). Possibly consider using a shorter maxLifetime value.
2019-10-10 19:49:53.524  WARN 6916 --- [http-nio-8080-exec-8] com.zaxxer.hikari.pool.PoolBase          : HikariPool-1 - Failed to validate connection com.mysql.cj.jdbc.ConnectionImpl@1552d4a7 (No operations allowed after connection closed.). Possibly consider using a shorter maxLifetime value.
2019-10-10 19:49:58.528  WARN 6916 --- [http-nio-8080-exec-8] com.zaxxer.hikari.pool.PoolBase          : HikariPool-1 - Failed to validate connection com.mysql.cj.jdbc.ConnectionImpl@4a56bace (No operations allowed after connection closed.). Possibly consider using a shorter maxLifetime value.
2019-10-10 19:49:58.534  WARN 6916 --- [http-nio-8080-exec-8] .m.m.a.ExceptionHandlerExceptionResolver : Resolved [org.mybatis.spring.MyBatisSystemException: nested exception is org.apache.ibatis.exceptions.PersistenceException: 
### Error querying database.  Cause: org.springframework.jdbc.CannotGetJdbcConnectionException: Failed to obtain JDBC Connection; nested exception is java.sql.SQLTransientConnectionException: HikariPool-1 - Connection is not available, request timed out after 30016ms.
### The error may exist in file [E:\Spring Tools Work\shop\target\classes\static\shopMapper\ConfigMapper.xml]
### The error may involve cn.yzj.shop.mapper.ConfigMapper.selectByExample
### The error occurred while executing a query
### Cause: org.springframework.jdbc.CannotGetJdbcConnectionException: Failed to obtain JDBC Connection; nested exception is java.sql.SQLTransientConnectionException: HikariPool-1 - Connection is not available, request timed out after 30016ms.]
2019-10-10 19:50:03.537  WARN 6916 --- [pool-3-thread-1] com.zaxxer.hikari.pool.PoolBase          : HikariPool-1 - Failed to validate connection com.mysql.cj.jdbc.ConnectionImpl@2d37ce94 (No operations allowed after connection closed.). Possibly consider using a shorter maxLifetime value.
2019-10-10 19:50:06.629  WARN 6916 --- [http-nio-8080-exec-10] com.zaxxer.hikari.pool.PoolBase          : HikariPool-1 - Failed to validate connection com.mysql.cj.jdbc.ConnectionImpl@25f5fa93 (No operations allowed after connection closed.). Possibly consider using a shorter maxLifetime value.
2019-10-10 19:50:08.539  WARN 6916 --- [pool-3-thread-1] com.zaxxer.hikari.pool.PoolBase          : HikariPool-1 - Failed to validate connection com.mysql.cj.jdbc.ConnectionImpl@6c0ac4af (No operations allowed after connection closed.). Possibly consider using a shorter maxLifetime value.
2019-10-10 19:50:11.631  WARN 6916 --- [http-nio-8080-exec-10] com.zaxxer.hikari.pool.PoolBase          : HikariPool-1 - Failed to validate connection com.mysql.cj.jdbc.ConnectionImpl@48b163f2 (No operations allowed after connection closed.). Possibly consider using a shorter maxLifetime value.
2019-10-10 19:50:13.184  INFO 6916 --- [http-nio-8080-exec-6] cn.yzj.shop.util.RequestUtil             : osName is:Windows 10
2019-10-10 19:50:13.185  INFO 6916 --- [http-nio-8080-exec-6] cn.yzj.shop.util.RequestUtil             : deviceManufacturer is:MICROSOFT
2019-10-10 19:50:13.185  INFO 6916 --- [http-nio-8080-exec-6] cn.yzj.shop.util.RequestUtil             : deviceType is:COMPUTER
2019-10-10 19:50:13.186  INFO 6916 --- [http-nio-8080-exec-6] cn.yzj.shop.util.RequestUtil             : browerGroup is:Chrome
2019-10-10 19:50:13.186  INFO 6916 --- [http-nio-8080-exec-6] cn.yzj.shop.util.RequestUtil             : renderingEngine is:WEBKIT
2019-10-10 19:50:13.186  INFO 6916 --- [http-nio-8080-exec-6] cn.yzj.shop.util.RequestUtil             : borderType is:Browser
2019-10-10 19:50:13.186  INFO 6916 --- [http-nio-8080-exec-6] cn.yzj.shop.util.RequestUtil             : browserManufacturer is:Google Inc.
2019-10-10 19:50:22.593  INFO 6916 --- [http-nio-8080-exec-10] cn.yzj.shop.util.RequestUtil             : osName is:Windows 10
2019-10-10 19:50:22.594  INFO 6916 --- [http-nio-8080-exec-10] cn.yzj.shop.util.RequestUtil             : deviceManufacturer is:MICROSOFT
2019-10-10 19:50:22.594  INFO 6916 --- [http-nio-8080-exec-10] cn.yzj.shop.util.RequestUtil             : deviceType is:COMPUTER
2019-10-10 19:50:22.594  INFO 6916 --- [http-nio-8080-exec-10] cn.yzj.shop.util.RequestUtil             : browerGroup is:Chrome
2019-10-10 19:50:22.598  INFO 6916 --- [http-nio-8080-exec-10] cn.yzj.shop.util.RequestUtil             : renderingEngine is:WEBKIT
2019-10-10 19:50:22.598  INFO 6916 --- [http-nio-8080-exec-10] cn.yzj.shop.util.RequestUtil             : borderType is:Browser
2019-10-10 19:50:22.599  INFO 6916 --- [http-nio-8080-exec-10] cn.yzj.shop.util.RequestUtil             : browserManufacturer is:Google Inc.
2019-10-10 19:53:24.075  INFO 6916 --- [RMI TCP Connection(19)-127.0.0.1] inMXBeanRegistrar$SpringApplicationAdmin : Application shutdown requested.
2019-10-10 19:53:24.081  INFO 6916 --- [RMI TCP Connection(19)-127.0.0.1] o.s.s.concurrent.ThreadPoolTaskExecutor  : Shutting down ExecutorService 'MyThreadPool'
2019-10-10 19:53:24.083  INFO 6916 --- [RMI TCP Connection(19)-127.0.0.1] com.zaxxer.hikari.HikariDataSource       : HikariPool-1 - Shutdown initiated...
2019-10-10 19:53:24.090  INFO 6916 --- [RMI TCP Connection(19)-127.0.0.1] com.zaxxer.hikari.HikariDataSource       : HikariPool-1 - Shutdown completed.
